<?xml version="1.0" encoding="UTF-8"?>
<!-- Generated by org.testng.reporters.JUnitReportReporter -->
<testsuite hostname="DESKTOP-LDNHMBN" failures="0" tests="1" name="TestDesign.ProductOrderTest" time="26.851" errors="0" timestamp="2023-07-12T21:26:21 IST" skipped="0">
  <testcase classname="TestDesign.ProductOrderTest" name="SubmitOrder" time="26.851"/>
</testsuite> <!-- TestDesign.ProductOrderTest -->
